2018-12-23 21:19:58,985 INFO  [Log] Waiting for the element  ::Located by By.chained({By.id: in.amazon.mShop.android.shopping:id/skip_sign_in_button}) 
2018-12-23 21:20:03,069 INFO  [Log] The elementLocated by By.chained({By.id: in.amazon.mShop.android.shopping:id/skip_sign_in_button}) Has been clicked successfully 
2018-12-23 21:20:03,070 INFO  [Log] Successfully clicked on the Skip Sign in Button 
2018-12-23 21:20:03,070 INFO  [Log] Waiting for the element  ::Located by By.chained({By.id: in.amazon.mShop.android.shopping:id/action_bar_burger_icon}) 
2018-12-23 21:20:09,599 INFO  [Log] The elementLocated by By.chained({By.id: in.amazon.mShop.android.shopping:id/action_bar_burger_icon}) Has been clicked successfully 
2018-12-23 21:20:09,601 INFO  [Log] Waiting for the element  ::Located by By.chained({By.xpath: //android.widget.TextView[@text='Shop by Category']}) 
2018-12-23 21:20:13,136 INFO  [Log] The elementLocated by By.chained({By.xpath: //android.widget.TextView[@text='Shop by Category']}) Has been clicked successfully 
2018-12-23 21:20:13,137 INFO  [Log] Successfully navigated to the Shop by Category screen 
2018-12-23 21:20:13,137 INFO  [Log] Waiting for the element  ::Located by By.chained({By.xpath: //android.view.View[@text='Kindle E-Readers & eBooks']}) 
2018-12-23 21:20:18,106 INFO  [Log] The elementLocated by By.chained({By.xpath: //android.view.View[@text='Kindle E-Readers & eBooks']}) Has been clicked successfully 
2018-12-23 21:20:18,106 INFO  [Log] Waiting for the element  ::Located by By.chained({By.xpath: //android.view.View[@text='Kindle E-Readers']}) 
2018-12-23 21:20:20,359 INFO  [Log] The elementLocated by By.chained({By.xpath: //android.view.View[@text='Kindle E-Readers']}) Has been clicked successfully 
2018-12-23 21:20:20,359 INFO  [Log] Successfully Navigated to the Shop by Kindle Items 
2018-12-23 21:20:23,175 INFO  [Log] Successfully Verified the presence of the Kindle Items on the amazon app and the test case is successful 
2018-12-23 21:20:25,202 INFO  [Log] Successfully closed the App  
2018-12-24 11:03:55,594 INFO  [Log] Waiting for the element  ::Located by By.chained({By.id: in.amazon.mShop.android.shopping:id/skip_sign_in_button}) 
2018-12-24 11:04:00,175 INFO  [Log] The elementLocated by By.chained({By.id: in.amazon.mShop.android.shopping:id/skip_sign_in_button}) Has been clicked successfully 
2018-12-24 11:04:00,176 INFO  [Log] Successfully clicked on the Skip Sign in Button 
2018-12-24 11:04:00,176 INFO  [Log] Waiting for the element  ::Located by By.chained({By.id: in.amazon.mShop.android.shopping:id/action_bar_burger_icon}) 
2018-12-24 11:04:07,377 INFO  [Log] The elementLocated by By.chained({By.id: in.amazon.mShop.android.shopping:id/action_bar_burger_icon}) Has been clicked successfully 
2018-12-24 11:04:07,378 INFO  [Log] Waiting for the element  ::Located by By.chained({By.xpath: //android.widget.TextView[@text='Shop by Category']}) 
2018-12-24 11:04:10,513 INFO  [Log] The elementLocated by By.chained({By.xpath: //android.widget.TextView[@text='Shop by Category']}) Has been clicked successfully 
2018-12-24 11:04:10,513 INFO  [Log] Successfully navigated to the Shop by Category screen 
2018-12-24 11:04:10,514 INFO  [Log] Waiting for the element  ::Located by By.chained({By.xpath: //android.view.View[@text='Kindle E-Readers & eBooks']}) 
2018-12-24 11:04:15,620 INFO  [Log] The elementLocated by By.chained({By.xpath: //android.view.View[@text='Kindle E-Readers & eBooks']}) Has been clicked successfully 
2018-12-24 11:04:15,621 INFO  [Log] Waiting for the element  ::Located by By.chained({By.xpath: //android.view.View[@text='Kindle E-Readers']}) 
2018-12-24 11:04:17,909 INFO  [Log] The elementLocated by By.chained({By.xpath: //android.view.View[@text='Kindle E-Readers']}) Has been clicked successfully 
2018-12-24 11:04:17,909 INFO  [Log] Successfully Navigated to the Shop by Kindle Items 
2018-12-24 11:04:21,311 INFO  [Log] Successfully Verified the presence of the Kindle Items on the amazon app and the test case is successful 
2018-12-24 11:04:23,558 INFO  [Log] Successfully closed the App  
2018-12-24 11:06:05,318 INFO  [Log] Waiting for the element  ::Located by By.chained({By.id: in.amazon.mShop.android.shopping:id/skip_sign_in_button}) 
2018-12-24 11:06:08,892 INFO  [Log] The elementLocated by By.chained({By.id: in.amazon.mShop.android.shopping:id/skip_sign_in_button}) Has been clicked successfully 
2018-12-24 11:06:08,892 INFO  [Log] Successfully clicked on the Skip Sign in Button 
2018-12-24 11:06:09,737 INFO  [Log] Waiting for the element  ::Located by By.chained({By.id: in.amazon.mShop.android.shopping:id/action_bar_burger_icon}) 
2018-12-24 11:06:14,784 INFO  [Log] The elementLocated by By.chained({By.id: in.amazon.mShop.android.shopping:id/action_bar_burger_icon}) Has been clicked successfully 
2018-12-24 11:06:14,785 INFO  [Log] Waiting for the element  ::Located by By.chained({By.xpath: //android.widget.TextView[@text='Shop by Category']}) 
2018-12-24 11:06:17,921 INFO  [Log] The elementLocated by By.chained({By.xpath: //android.widget.TextView[@text='Shop by Category']}) Has been clicked successfully 
2018-12-24 11:06:17,921 INFO  [Log] Successfully navigated to the Shop by Category screen 
2018-12-24 11:06:17,921 INFO  [Log] Waiting for the element  ::Located by By.chained({By.xpath: //android.view.View[@text='Kindle E-Readers & eBooks']}) 
2018-12-24 11:06:23,165 INFO  [Log] The elementLocated by By.chained({By.xpath: //android.view.View[@text='Kindle E-Readers & eBooks']}) Has been clicked successfully 
2018-12-24 11:06:23,167 INFO  [Log] Waiting for the element  ::Located by By.chained({By.xpath: //android.view.View[@text='Kindle E-Readers']}) 
2018-12-24 11:06:25,454 INFO  [Log] The elementLocated by By.chained({By.xpath: //android.view.View[@text='Kindle E-Readers']}) Has been clicked successfully 
2018-12-24 11:06:25,454 INFO  [Log] Successfully Navigated to the Shop by Kindle Items 
2018-12-24 11:06:28,706 INFO  [Log] Successfully Verified the presence of the Kindle Items on the amazon app and the test case is successful 
2018-12-24 11:06:30,880 INFO  [Log] Successfully closed the App  
2018-12-24 12:05:22,892 INFO  [Log] Waiting for the element  ::Located by By.chained({By.id: in.amazon.mShop.android.shopping:id/skip_sign_in_button}) 
2018-12-24 12:05:27,411 INFO  [Log] The elementLocated by By.chained({By.id: in.amazon.mShop.android.shopping:id/skip_sign_in_button}) Has been clicked successfully 
2018-12-24 12:05:27,411 INFO  [Log] Successfully clicked on the Skip Sign in Button 
2018-12-24 12:05:28,709 INFO  [Log] Waiting for the element  ::Located by By.chained({By.id: in.amazon.mShop.android.shopping:id/action_bar_burger_icon}) 
2018-12-24 12:05:36,441 INFO  [Log] The elementLocated by By.chained({By.id: in.amazon.mShop.android.shopping:id/action_bar_burger_icon}) Has been clicked successfully 
2018-12-24 12:05:36,441 INFO  [Log] Waiting for the element  ::Located by By.chained({By.xpath: //android.widget.TextView[@text='Shop by Category']}) 
2018-12-24 12:05:39,855 INFO  [Log] The elementLocated by By.chained({By.xpath: //android.widget.TextView[@text='Shop by Category']}) Has been clicked successfully 
2018-12-24 12:05:39,856 INFO  [Log] Successfully navigated to the Shop by Category screen 
2018-12-24 12:05:39,856 INFO  [Log] Waiting for the element  ::Located by By.chained({By.xpath: //android.view.View[@text='Kindle E-Readers & eBooks']}) 
2018-12-24 12:05:44,932 INFO  [Log] The elementLocated by By.chained({By.xpath: //android.view.View[@text='Kindle E-Readers & eBooks']}) Has been clicked successfully 
2018-12-24 12:05:44,933 INFO  [Log] Waiting for the element  ::Located by By.chained({By.xpath: //android.view.View[@text='Kindle E-Readers']}) 
2018-12-24 12:08:26,045 ERROR [Log] No such Element Exception 
2018-12-24 12:08:26,046 INFO  [Log] Successfully Navigated to the Shop by Kindle Items 
2018-12-24 12:45:23,443 INFO  [Log] Waiting for the element  ::Located by By.chained({By.id: in.amazon.mShop.android.shopping:id/skip_sign_in_button}) 
2018-12-24 12:45:30,586 INFO  [Log] The elementLocated by By.chained({By.id: in.amazon.mShop.android.shopping:id/skip_sign_in_button}) Has been clicked successfully 
2018-12-24 12:45:30,586 INFO  [Log] Successfully clicked on the Skip Sign in Button 
2018-12-24 12:45:31,217 INFO  [Log] Waiting for the element  ::Located by By.chained({By.id: in.amazon.mShop.android.shopping:id/action_bar_burger_icon}) 
2018-12-24 12:45:52,693 INFO  [Log] The elementLocated by By.chained({By.id: in.amazon.mShop.android.shopping:id/action_bar_burger_icon}) Has been clicked successfully 
2018-12-24 12:45:52,694 INFO  [Log] Waiting for the element  ::Located by By.chained({By.xpath: //android.widget.TextView[@text='Shop by Category']}) 
2018-12-24 12:45:55,804 INFO  [Log] The elementLocated by By.chained({By.xpath: //android.widget.TextView[@text='Shop by Category']}) Has been clicked successfully 
2018-12-24 12:45:55,804 INFO  [Log] Successfully navigated to the Shop by Category screen 
2018-12-24 12:45:55,804 INFO  [Log] Waiting for the element  ::Located by By.chained({By.xpath: //android.view.View[@text='Kindle E-Readers & eBooks']}) 
2018-12-24 12:45:58,783 ERROR [Log] An Exception is thrown at run time  
2018-12-24 12:45:58,783 INFO  [Log] Waiting for the element  ::Located by By.chained({By.xpath: //android.view.View[@text='Kindle E-Readers']}) 
2018-12-24 12:45:58,795 ERROR [Log] An Exception is thrown at run time  
2018-12-24 12:45:58,795 INFO  [Log] Successfully Navigated to the Shop by Kindle Items 
2019-01-02 18:14:10,256 INFO  [Log] Waiting for the element  ::Located by By.chained({By.id: in.amazon.mShop.android.shopping:id/skip_sign_in_button}) 
2019-01-02 18:14:16,775 INFO  [Log] The elementLocated by By.chained({By.id: in.amazon.mShop.android.shopping:id/skip_sign_in_button}) Has been clicked successfully 
2019-01-02 18:14:16,781 INFO  [Log] Successfully clicked on the Skip Sign in Button 
2019-01-02 18:14:18,314 INFO  [Log] Waiting for the element  ::Located by By.chained({By.id: in.amazon.mShop.android.shopping:id/action_bar_burger_icon}) 
2019-01-02 18:14:23,695 INFO  [Log] The elementLocated by By.chained({By.id: in.amazon.mShop.android.shopping:id/action_bar_burger_icon}) Has been clicked successfully 
2019-01-02 18:14:23,695 INFO  [Log] Waiting for the element  ::Located by By.chained({By.xpath: //android.widget.TextView[@text='Shop by Category']}) 
2019-01-02 18:14:26,821 INFO  [Log] The elementLocated by By.chained({By.xpath: //android.widget.TextView[@text='Shop by Category']}) Has been clicked successfully 
2019-01-02 18:14:26,821 INFO  [Log] Successfully navigated to the Shop by Category screen 
2019-01-02 18:14:26,822 INFO  [Log] Waiting for the element  ::Located by By.chained({By.xpath: //android.view.View[@text='Kindle E-Readers & eBooks']}) 
2019-01-02 18:14:32,232 INFO  [Log] The elementLocated by By.chained({By.xpath: //android.view.View[@text='Kindle E-Readers & eBooks']}) Has been clicked successfully 
2019-01-02 18:14:32,232 INFO  [Log] Waiting for the element  ::Located by By.chained({By.xpath: //android.view.View[@text='Kindle E-Readers']}) 
2019-01-02 18:14:34,478 INFO  [Log] The elementLocated by By.chained({By.xpath: //android.view.View[@text='Kindle E-Readers']}) Has been clicked successfully 
2019-01-02 18:14:34,478 INFO  [Log] Successfully Navigated to the Shop by Kindle Items 
2019-01-02 18:14:39,097 INFO  [Log] Successfully Verified the presence of the Kindle Items on the amazon app and the test case is successful 
2019-01-02 18:14:41,817 INFO  [Log] Successfully closed the App  
2019-01-02 18:55:48,224 INFO  [Log] Waiting for the element  ::Located by By.chained({By.id: in.amazon.mShop.android.shopping:id/skip_sign_in_button}) 
2019-01-02 18:55:55,607 INFO  [Log] The elementLocated by By.chained({By.id: in.amazon.mShop.android.shopping:id/skip_sign_in_button}) Has been clicked successfully 
2019-01-02 18:55:55,607 INFO  [Log] Successfully clicked on the Skip Sign in Button 
2019-01-02 18:55:56,522 INFO  [Log] Waiting for the element  ::Located by By.chained({By.id: in.amazon.mShop.android.shopping:id/action_bar_burger_icon}) 
2019-01-02 18:56:03,046 INFO  [Log] The elementLocated by By.chained({By.id: in.amazon.mShop.android.shopping:id/action_bar_burger_icon}) Has been clicked successfully 
2019-01-02 18:56:03,047 INFO  [Log] Waiting for the element  ::Located by By.chained({By.xpath: //android.widget.TextView[@text='Shop by Category']}) 
2019-01-02 18:56:04,917 INFO  [Log] The elementLocated by By.chained({By.xpath: //android.widget.TextView[@text='Shop by Category']}) Has been clicked successfully 
2019-01-02 18:56:04,918 INFO  [Log] Successfully navigated to the Shop by Category screen 
2019-01-02 18:56:04,918 INFO  [Log] Waiting for the element  ::Located by By.chained({By.xpath: //android.view.View[@text='Kindle E-Readers & eBooks']}) 
2019-01-02 18:56:10,823 INFO  [Log] The elementLocated by By.chained({By.xpath: //android.view.View[@text='Kindle E-Readers & eBooks']}) Has been clicked successfully 
2019-01-02 18:56:10,823 INFO  [Log] Waiting for the element  ::Located by By.chained({By.xpath: //android.view.View[@text='Kindle E-Readers']}) 
2019-01-02 18:56:13,072 INFO  [Log] The elementLocated by By.chained({By.xpath: //android.view.View[@text='Kindle E-Readers']}) Has been clicked successfully 
2019-01-02 18:56:13,072 INFO  [Log] Successfully Navigated to the Shop by Kindle Items 
2019-01-02 18:56:16,668 INFO  [Log] Successfully Verified the presence of the Kindle Items on the amazon app and the test case is successful 
2019-01-02 18:56:19,598 INFO  [Log] Successfully closed the App  
2019-01-03 21:26:10,172 INFO  [Log] Waiting for the element  ::Located by By.chained({By.id: in.amazon.mShop.android.shopping:id/skip_sign_in_button}) 
2019-01-03 21:26:13,898 INFO  [Log] The elementLocated by By.chained({By.id: in.amazon.mShop.android.shopping:id/skip_sign_in_button}) Has been clicked successfully 
2019-01-03 21:26:13,898 INFO  [Log] Successfully clicked on the Skip Sign in Button 
2019-01-03 21:26:14,913 INFO  [Log] Waiting for the element  ::Located by By.chained({By.id: in.amazon.mShop.android.shopping:id/action_bar_burger_icon}) 
2019-01-03 21:26:21,359 INFO  [Log] The elementLocated by By.chained({By.id: in.amazon.mShop.android.shopping:id/action_bar_burger_icon}) Has been clicked successfully 
2019-01-03 21:26:21,360 INFO  [Log] Waiting for the element  ::Located by By.chained({By.xpath: //android.widget.TextView[@text='Shop by Category']}) 
2019-01-03 21:26:24,644 INFO  [Log] The elementLocated by By.chained({By.xpath: //android.widget.TextView[@text='Shop by Category']}) Has been clicked successfully 
2019-01-03 21:26:24,645 INFO  [Log] Successfully navigated to the Shop by Category screen 
2019-01-03 21:26:24,645 INFO  [Log] Waiting for the element  ::Located by By.chained({By.xpath: //android.view.View[@text='Kindle E-Readers & eBooks']}) 
2019-01-03 21:26:31,873 INFO  [Log] The elementLocated by By.chained({By.xpath: //android.view.View[@text='Kindle E-Readers & eBooks']}) Has been clicked successfully 
2019-01-03 21:26:31,873 INFO  [Log] Waiting for the element  ::Located by By.chained({By.xpath: //android.view.View[@text='Kindle E-Readers']}) 
2019-01-03 21:26:34,179 INFO  [Log] The elementLocated by By.chained({By.xpath: //android.view.View[@text='Kindle E-Readers']}) Has been clicked successfully 
2019-01-03 21:26:34,179 INFO  [Log] Successfully Navigated to the Shop by Kindle Items 
2019-01-03 21:26:35,962 INFO  [Log] The Expected Messsage is:0 
2019-01-03 21:26:35,965 ERROR [Log] The Expected Messsage is:0 anf the Actual Message is +4 
2019-01-03 21:26:35,965 INFO  [Log] Successfully Verified the presence of the Kindle Items on the amazon app and the test case is successful 
2019-01-03 21:26:38,289 INFO  [Log] Successfully closed the App  
03 Jan 2019 21:40:59,492 INFO  [main] org.apache.commons.logging.Log.waitForElementClickable (150)  - Waiting for the element  ::Located by By.chained({By.id: in.amazon.mShop.android.shopping:id/skip_sign_in_button})
03 Jan 2019 21:41:07,470 INFO  [main] org.apache.commons.logging.Log.click (53)  - The elementLocated by By.chained({By.id: in.amazon.mShop.android.shopping:id/skip_sign_in_button}) Has been clicked successfully
03 Jan 2019 21:41:07,471 INFO  [main] org.apache.commons.logging.Log.skipSignin (44)  - Successfully clicked on the Skip Sign in Button
03 Jan 2019 21:41:08,144 INFO  [main] org.apache.commons.logging.Log.waitForElementClickable (150)  - Waiting for the element  ::Located by By.chained({By.id: in.amazon.mShop.android.shopping:id/action_bar_burger_icon})
03 Jan 2019 21:42:04,899 INFO  [main] org.apache.commons.logging.Log.click (53)  - The elementLocated by By.chained({By.id: in.amazon.mShop.android.shopping:id/action_bar_burger_icon}) Has been clicked successfully
03 Jan 2019 21:42:04,899 INFO  [main] org.apache.commons.logging.Log.waitForElementClickable (150)  - Waiting for the element  ::Located by By.chained({By.xpath: //android.widget.TextView[@text='Shop by Category']})
03 Jan 2019 21:42:07,886 INFO  [main] org.apache.commons.logging.Log.click (53)  - The elementLocated by By.chained({By.xpath: //android.widget.TextView[@text='Shop by Category']}) Has been clicked successfully
03 Jan 2019 21:42:07,886 INFO  [main] org.apache.commons.logging.Log.navigateToShopByCategory (49)  - Successfully navigated to the Shop by Category screen
03 Jan 2019 21:42:07,887 INFO  [main] org.apache.commons.logging.Log.waitForElementClickable (150)  - Waiting for the element  ::Located by By.chained({By.xpath: //android.view.View[@text='Kindle E-Readers & eBooks']})
03 Jan 2019 21:42:12,307 INFO  [main] org.apache.commons.logging.Log.click (53)  - The elementLocated by By.chained({By.xpath: //android.view.View[@text='Kindle E-Readers & eBooks']}) Has been clicked successfully
03 Jan 2019 21:42:12,307 INFO  [main] org.apache.commons.logging.Log.waitForElementClickable (150)  - Waiting for the element  ::Located by By.chained({By.xpath: //android.view.View[@text='Kindle E-Readers']})
03 Jan 2019 21:42:14,525 INFO  [main] org.apache.commons.logging.Log.click (53)  - The elementLocated by By.chained({By.xpath: //android.view.View[@text='Kindle E-Readers']}) Has been clicked successfully
03 Jan 2019 21:42:14,525 INFO  [main] org.apache.commons.logging.Log.navigateToShopByKindle (65)  - Successfully Navigated to the Shop by Kindle Items
03 Jan 2019 21:42:17,728 INFO  [main] org.apache.commons.logging.Log.onBeforeAssert (39)  - The Expected Messsage is:0
03 Jan 2019 21:42:17,730 ERROR [main] org.apache.commons.logging.Log.onAssertSuccess (52)  - The Expected Messsage is:0 anf the Actual Message is +4
03 Jan 2019 21:42:17,730 INFO  [main] org.apache.commons.logging.Log.verifyKindleItems (86)  - Successfully Verified the presence of the Kindle Items on the amazon app and the test case is successful
03 Jan 2019 21:42:19,859 INFO  [main] org.apache.commons.logging.Log.closeApp (126)  - Successfully closed the App 
03 Jan 2019 21:47:31,998 INFO  [main] org.apache.commons.logging.Log.waitForElementClickable (150)  - Waiting for the element  ::Located by By.chained({By.id: in.amazon.mShop.android.shopping:id/skip_sign_in_button})
03 Jan 2019 21:47:35,813 INFO  [main] org.apache.commons.logging.Log.click (53)  - The elementLocated by By.chained({By.id: in.amazon.mShop.android.shopping:id/skip_sign_in_button}) Has been clicked successfully
03 Jan 2019 21:47:35,813 INFO  [main] org.apache.commons.logging.Log.skipSignin (44)  - Successfully clicked on the Skip Sign in Button
03 Jan 2019 21:47:36,584 INFO  [main] org.apache.commons.logging.Log.waitForElementClickable (150)  - Waiting for the element  ::Located by By.chained({By.id: in.amazon.mShop.android.shopping:id/action_bar_burger_icon})
03 Jan 2019 21:47:42,059 INFO  [main] org.apache.commons.logging.Log.click (53)  - The elementLocated by By.chained({By.id: in.amazon.mShop.android.shopping:id/action_bar_burger_icon}) Has been clicked successfully
03 Jan 2019 21:47:42,059 INFO  [main] org.apache.commons.logging.Log.waitForElementClickable (150)  - Waiting for the element  ::Located by By.chained({By.xpath: //android.widget.TextView[@text='Shop by Category']})
03 Jan 2019 21:47:45,481 INFO  [main] org.apache.commons.logging.Log.click (53)  - The elementLocated by By.chained({By.xpath: //android.widget.TextView[@text='Shop by Category']}) Has been clicked successfully
03 Jan 2019 21:47:45,482 INFO  [main] org.apache.commons.logging.Log.navigateToShopByCategory (49)  - Successfully navigated to the Shop by Category screen
03 Jan 2019 21:47:45,482 INFO  [main] org.apache.commons.logging.Log.waitForElementClickable (150)  - Waiting for the element  ::Located by By.chained({By.xpath: //android.view.View[@text='Kindle E-Readers & eBooks']})
03 Jan 2019 21:47:50,724 INFO  [main] org.apache.commons.logging.Log.click (53)  - The elementLocated by By.chained({By.xpath: //android.view.View[@text='Kindle E-Readers & eBooks']}) Has been clicked successfully
03 Jan 2019 21:47:50,725 INFO  [main] org.apache.commons.logging.Log.waitForElementClickable (150)  - Waiting for the element  ::Located by By.chained({By.xpath: //android.view.View[@text='Kindle E-Readers']})
03 Jan 2019 21:47:52,710 INFO  [main] org.apache.commons.logging.Log.click (53)  - The elementLocated by By.chained({By.xpath: //android.view.View[@text='Kindle E-Readers']}) Has been clicked successfully
03 Jan 2019 21:47:52,710 INFO  [main] org.apache.commons.logging.Log.navigateToShopByKindle (65)  - Successfully Navigated to the Shop by Kindle Items
03 Jan 2019 21:47:56,133 INFO  [main] org.apache.commons.logging.Log.onBeforeAssert (39)  - The Expected Messsage is:0
03 Jan 2019 21:47:56,136 INFO  [main] org.apache.commons.logging.Log.onAssertSuccess (52)  - The Expected Messsage is:0 and the Actual Message is +4
03 Jan 2019 21:47:56,136 INFO  [main] org.apache.commons.logging.Log.verifyKindleItems (84)  - Successfully Verified the presence of the Kindle Items on the amazon app and the test case is successful
03 Jan 2019 21:47:58,162 INFO  [main] org.apache.commons.logging.Log.closeApp (126)  - Successfully closed the App 
03 Jan 2019 21:49:56,883 INFO  [main] org.apache.commons.logging.Log.waitForElementClickable (150)  - Waiting for the element  ::Located by By.chained({By.id: in.amazon.mShop.android.shopping:id/skip_sign_in_button})
03 Jan 2019 21:50:03,721 INFO  [main] org.apache.commons.logging.Log.click (53)  - The elementLocated by By.chained({By.id: in.amazon.mShop.android.shopping:id/skip_sign_in_button}) Has been clicked successfully
03 Jan 2019 21:50:03,721 INFO  [main] org.apache.commons.logging.Log.skipSignin (44)  - Successfully clicked on the Skip Sign in Button
03 Jan 2019 21:50:04,381 INFO  [main] org.apache.commons.logging.Log.waitForElementClickable (150)  - Waiting for the element  ::Located by By.chained({By.id: in.amazon.mShop.android.shopping:id/action_bar_burger_icon})
03 Jan 2019 21:51:25,269 ERROR [main] org.apache.commons.logging.Log.waitForElementClickable (157)  - Exception is thrown at run time and the test Fails
03 Jan 2019 21:52:45,459 ERROR [main] org.apache.commons.logging.Log.click (61)  - No such Element Exception
03 Jan 2019 21:52:45,465 ERROR [main] org.apache.commons.logging.Log.navigateToShopByCategory (54)  - Failed to navigate to the Shop by Category Screen
03 Jan 2019 21:52:45,961 INFO  [main] org.apache.commons.logging.Log.waitForElementClickable (150)  - Waiting for the element  ::Located by By.chained({By.xpath: //android.view.View[@text='Kindle E-Readers & eBooks']})
03 Jan 2019 21:54:06,657 ERROR [main] org.apache.commons.logging.Log.waitForElementClickable (157)  - Exception is thrown at run time and the test Fails
08 Jan 2019 22:49:16,149 INFO  [main] org.apache.commons.logging.Log.waitForElementClickable (150)  - Waiting for the element  ::Located by By.chained({By.id: in.amazon.mShop.android.shopping:id/skip_sign_in_button})
08 Jan 2019 22:49:19,900 INFO  [main] org.apache.commons.logging.Log.click (53)  - The elementLocated by By.chained({By.id: in.amazon.mShop.android.shopping:id/skip_sign_in_button}) Has been clicked successfully
08 Jan 2019 22:49:19,901 INFO  [main] org.apache.commons.logging.Log.skipSignin (44)  - Successfully clicked on the Skip Sign in Button
08 Jan 2019 22:49:21,010 INFO  [main] org.apache.commons.logging.Log.waitForElementClickable (150)  - Waiting for the element  ::Located by By.chained({By.id: in.amazon.mShop.android.shopping:id/action_bar_burger_icon})
08 Jan 2019 22:49:26,452 INFO  [main] org.apache.commons.logging.Log.click (53)  - The elementLocated by By.chained({By.id: in.amazon.mShop.android.shopping:id/action_bar_burger_icon}) Has been clicked successfully
08 Jan 2019 22:49:26,453 INFO  [main] org.apache.commons.logging.Log.waitForElementClickable (150)  - Waiting for the element  ::Located by By.chained({By.xpath: //android.widget.TextView[@text='Shop by Category']})
08 Jan 2019 22:49:29,587 INFO  [main] org.apache.commons.logging.Log.click (53)  - The elementLocated by By.chained({By.xpath: //android.widget.TextView[@text='Shop by Category']}) Has been clicked successfully
08 Jan 2019 22:49:29,587 INFO  [main] org.apache.commons.logging.Log.navigateToShopByCategory (49)  - Successfully navigated to the Shop by Category screen
08 Jan 2019 22:49:29,587 INFO  [main] org.apache.commons.logging.Log.waitForElementClickable (150)  - Waiting for the element  ::Located by By.chained({By.xpath: //android.view.View[@text='Kindle E-Readers & eBooks']})
08 Jan 2019 22:49:35,043 INFO  [main] org.apache.commons.logging.Log.click (53)  - The elementLocated by By.chained({By.xpath: //android.view.View[@text='Kindle E-Readers & eBooks']}) Has been clicked successfully
08 Jan 2019 22:49:35,044 INFO  [main] org.apache.commons.logging.Log.waitForElementClickable (150)  - Waiting for the element  ::Located by By.chained({By.xpath: //android.view.View[@text='Kindle E-Readers']})
08 Jan 2019 22:49:37,357 INFO  [main] org.apache.commons.logging.Log.click (53)  - The elementLocated by By.chained({By.xpath: //android.view.View[@text='Kindle E-Readers']}) Has been clicked successfully
08 Jan 2019 22:49:37,357 INFO  [main] org.apache.commons.logging.Log.navigateToShopByKindle (62)  - Successfully Navigated to the Shop by Kindle Items
08 Jan 2019 22:49:41,000 INFO  [main] org.apache.commons.logging.Log.onBeforeAssert (39)  - The Expected Messsage is:0
08 Jan 2019 22:49:41,004 INFO  [main] org.apache.commons.logging.Log.onAssertSuccess (52)  - The Expected Messsage is:0 and the Actual Message is +4
08 Jan 2019 22:49:41,004 INFO  [main] org.apache.commons.logging.Log.verifyKindleItems (81)  - Successfully Verified the presence of the Kindle Items on the amazon app and the test case is successful
08 Jan 2019 22:49:43,142 INFO  [main] org.apache.commons.logging.Log.closeApp (126)  - Successfully closed the App 
08 Jan 2019 23:15:55,979 INFO  [main] org.apache.commons.logging.Log.waitForElementClickable (154)  - Waiting for the element  ::Located by By.chained({By.id: in.amazon.mShop.android.shopping:id/skip_sign_in_button})
08 Jan 2019 23:16:00,678 INFO  [main] org.apache.commons.logging.Log.click (53)  - The elementLocated by By.chained({By.id: in.amazon.mShop.android.shopping:id/skip_sign_in_button}) Has been clicked successfully
08 Jan 2019 23:16:00,679 INFO  [main] org.apache.commons.logging.Log.skipSignin (44)  - Successfully clicked on the Skip Sign in Button
08 Jan 2019 23:16:01,967 INFO  [main] org.apache.commons.logging.Log.waitForElementClickable (154)  - Waiting for the element  ::Located by By.chained({By.id: in.amazon.mShop.android.shopping:id/action_bar_burger_icon})
08 Jan 2019 23:16:07,470 INFO  [main] org.apache.commons.logging.Log.click (53)  - The elementLocated by By.chained({By.id: in.amazon.mShop.android.shopping:id/action_bar_burger_icon}) Has been clicked successfully
08 Jan 2019 23:16:07,471 INFO  [main] org.apache.commons.logging.Log.waitForElementClickable (154)  - Waiting for the element  ::Located by By.chained({By.xpath: //android.widget.TextView[@text='Shop by Category']})
08 Jan 2019 23:16:11,071 INFO  [main] org.apache.commons.logging.Log.click (53)  - The elementLocated by By.chained({By.xpath: //android.widget.TextView[@text='Shop by Category']}) Has been clicked successfully
08 Jan 2019 23:16:11,071 INFO  [main] org.apache.commons.logging.Log.navigateToShopByCategory (49)  - Successfully navigated to the Shop by Category screen
08 Jan 2019 23:16:11,072 INFO  [main] org.apache.commons.logging.Log.waitForElementClickable (154)  - Waiting for the element  ::Located by By.chained({By.xpath: //android.view.View[@text='Kindle E-Readers & eBooks']})
08 Jan 2019 23:16:17,148 INFO  [main] org.apache.commons.logging.Log.click (53)  - The elementLocated by By.chained({By.xpath: //android.view.View[@text='Kindle E-Readers & eBooks']}) Has been clicked successfully
08 Jan 2019 23:16:17,154 INFO  [main] org.apache.commons.logging.Log.waitForElementClickable (154)  - Waiting for the element  ::Located by By.chained({By.xpath: //android.view.View[@text='Kindle E-Readers']})
08 Jan 2019 23:16:19,474 INFO  [main] org.apache.commons.logging.Log.click (53)  - The elementLocated by By.chained({By.xpath: //android.view.View[@text='Kindle E-Readers']}) Has been clicked successfully
08 Jan 2019 23:16:19,474 INFO  [main] org.apache.commons.logging.Log.navigateToShopByKindle (63)  - Successfully Navigated to the Shop by Kindle Items
08 Jan 2019 23:16:19,475 INFO  [main] org.apache.commons.logging.Log.waitForElementClickable (154)  - Waiting for the element  ::Located by By.chained({By.xpath: //android.view.View[contains(@text, 'Kindle E-reader - Black')]})
08 Jan 2019 23:16:23,467 INFO  [main] org.apache.commons.logging.Log.click (53)  - The elementLocated by By.chained({By.xpath: //android.view.View[contains(@text, 'Kindle E-reader - Black')]}) Has been clicked successfully
08 Jan 2019 23:16:23,467 INFO  [main] org.apache.commons.logging.Log.chooseItem (82)  - Successfully Clicked on the Kindle Item on the amazon app
08 Jan 2019 23:16:23,470 INFO  [main] org.apache.commons.logging.Log.verifyElementPresence (175)  - Verifying the Presence of ElementLocated by By.chained({By.xpath: //android.view.View[@text='In stock.']})
08 Jan 2019 23:16:30,643 INFO  [main] org.apache.commons.logging.Log.verifyItemAvailability (99)  - Successfully Verified the Item Availability and the Test Passed
